# JRE version: Java(TM) SE Runtime Environment (8.0_181-b13) (build 1.8.0_181-b13)
# Java VM: Java HotSpot(TM) 64-Bit Server VM (25.181-b13 mixed mode linux-amd64 compressed oops)
Heap:
 PSYoungGen      total 305664K, used 105352K [0x00000000eab00000, 0x0000000100000000, 0x0000000100000000)
  eden space 262144K, 27% used [0x00000000eab00000,0x00000000ef114158,0x00000000fab00000)
  from space 43520K, 77% used [0x00000000fab00000,0x00000000fcbce0f0,0x00000000fd580000)
  to   space 43520K, 0% used [0x00000000fd580000,0x00000000fd580000,0x0000000100000000)
 ParOldGen       total 699392K, used 20202K [0x00000000c0000000, 0x00000000eab00000, 0x00000000eab00000)
  object space 699392K, 2% used [0x00000000c0000000,0x00000000c13ba8b8,0x00000000eab00000)
 Metaspace       used 56740K, capacity 57126K, committed 57384K, reserved 1097728K
  class space    used 8643K, capacity 8743K, committed 8752K, reserved 1048576K
GC Heap History (10 events):
Event: 1.009 GC heap before
{Heap before GC invocations=1 (full 0):
 PSYoungGen      total 305664K, used 167775K [0x00000000eab00000, 0x0000000100000000, 0x0000000100000000)
  eden space 262144K, 64% used [0x00000000eab00000,0x00000000f4ed7dc8,0x00000000fab00000)
  from space 43520K, 0% used [0x00000000fd580000,0x00000000fd580000,0x0000000100000000)
  to   space 43520K, 0% used [0x00000000fab00000,0x00000000fab00000,0x00000000fd580000)
 ParOldGen       total 699392K, used 0K [0x00000000c0000000, 0x00000000eab00000, 0x00000000eab00000)
  object space 699392K, 0% used [0x00000000c0000000,0x00000000c0000000,0x00000000eab00000)
 Metaspace       used 21050K, capacity 21244K, committed 21296K, reserved 1067008K
  class space    used 3059K, capacity 3114K, committed 3120K, reserved 1048576K
Event: 1.016 GC heap after
Heap after GC invocations=1 (full 0):
 PSYoungGen      total 305664K, used 16098K [0x00000000eab00000, 0x0000000100000000, 0x0000000100000000)
  eden space 262144K, 0% used [0x00000000eab00000,0x00000000eab00000,0x00000000fab00000)
  from space 43520K, 36% used [0x00000000fab00000,0x00000000fbab8920,0x00000000fd580000)
  to   space 43520K, 0% used [0x00000000fd580000,0x00000000fd580000,0x0000000100000000)
 ParOldGen       total 699392K, used 88K [0x00000000c0000000, 0x00000000eab00000, 0x00000000eab00000)
  object space 699392K, 0% used [0x00000000c0000000,0x00000000c0016028,0x00000000eab00000)
 Metaspace       used 21050K, capacity 21244K, committed 21296K, reserved 1067008K
  class space    used 3059K, capacity 3114K, committed 3120K, reserved 1048576K
}
Event: 1.016 GC heap before
{Heap before GC invocations=2 (full 1):
 PSYoungGen      total 305664K, used 16098K [0x00000000eab00000, 0x0000000100000000, 0x0000000100000000)
  eden space 262144K, 0% used [0x00000000eab00000,0x00000000eab00000,0x00000000fab00000)
  from space 43520K, 36% used [0x00000000fab00000,0x00000000fbab8920,0x00000000fd580000)
  to   space 43520K, 0% used [0x00000000fd580000,0x00000000fd580000,0x0000000100000000)
 ParOldGen       total 699392K, used 88K [0x00000000c0000000, 0x00000000eab00000, 0x00000000eab00000)
  object space 699392K, 0% used [0x00000000c0000000,0x00000000c0016028,0x00000000eab00000)
 Metaspace       used 21050K, capacity 21244K, committed 21296K, reserved 1067008K
  class space    used 3059K, capacity 3114K, committed 3120K, reserved 1048576K
Event: 1.032 GC heap after
Heap after GC invocations=2 (full 1):
 PSYoungGen      total 305664K, used 0K [0x00000000eab00000, 0x0000000100000000, 0x0000000100000000)
  eden space 262144K, 0% used [0x00000000eab00000,0x00000000eab00000,0x00000000fab00000)
  from space 43520K, 0% used [0x00000000fab00000,0x00000000fab00000,0x00000000fd580000)
  to   space 43520K, 0% used [0x00000000fd580000,0x00000000fd580000,0x0000000100000000)
 ParOldGen       total 699392K, used 15447K [0x00000000c0000000, 0x00000000eab00000, 0x00000000eab00000)
  object space 699392K, 2% used [0x00000000c0000000,0x00000000c0f15ca8,0x00000000eab00000)
 Metaspace       used 21050K, capacity 21244K, committed 21296K, reserved 1067008K
  class space    used 3059K, capacity 3114K, committed 3120K, reserved 1048576K
}
Event: 1.784 GC heap before
{Heap before GC invocations=3 (full 1):
 PSYoungGen      total 305664K, used 207060K [0x00000000eab00000, 0x0000000100000000, 0x0000000100000000)
  eden space 262144K, 78% used [0x00000000eab00000,0x00000000f75353e0,0x00000000fab00000)
  from space 43520K, 0% used [0x00000000fab00000,0x00000000fab00000,0x00000000fd580000)
  to   space 43520K, 0% used [0x00000000fd580000,0x00000000fd580000,0x0000000100000000)
 ParOldGen       total 699392K, used 15447K [0x00000000c0000000, 0x00000000eab00000, 0x00000000eab00000)
  object space 699392K, 2% used [0x00000000c0000000,0x00000000c0f15ca8,0x00000000eab00000)
 Metaspace       used 35048K, capacity 35272K, committed 35496K, reserved 1079296K
  class space    used 5179K, capacity 5266K, committed 5296K, reserved 1048576K
Event: 1.791 GC heap after
Heap after GC invocations=3 (full 1):
 PSYoungGen      total 305664K, used 16418K [0x00000000eab00000, 0x0000000100000000, 0x0000000100000000)
  eden space 262144K, 0% used [0x00000000eab00000,0x00000000eab00000,0x00000000fab00000)
  from space 43520K, 37% used [0x00000000fd580000,0x00000000fe5889f8,0x0000000100000000)
  to   space 43520K, 0% used [0x00000000fab00000,0x00000000fab00000,0x00000000fd580000)
 ParOldGen       total 699392K, used 15455K [0x00000000c0000000, 0x00000000eab00000, 0x00000000eab00000)
  object space 699392K, 2% used [0x00000000c0000000,0x00000000c0f17ca8,0x00000000eab00000)
 Metaspace       used 35048K, capacity 35272K, committed 35496K, reserved 1079296K
  class space    used 5179K, capacity 5266K, committed 5296K, reserved 1048576K
}
Event: 1.791 GC heap before
{Heap before GC invocations=4 (full 2):
 PSYoungGen      total 305664K, used 16418K [0x00000000eab00000, 0x0000000100000000, 0x0000000100000000)
  eden space 262144K, 0% used [0x00000000eab00000,0x00000000eab00000,0x00000000fab00000)
  from space 43520K, 37% used [0x00000000fd580000,0x00000000fe5889f8,0x0000000100000000)
  to   space 43520K, 0% used [0x00000000fab00000,0x00000000fab00000,0x00000000fd580000)
 ParOldGen       total 699392K, used 15455K [0x00000000c0000000, 0x00000000eab00000, 0x00000000eab00000)
  object space 699392K, 2% used [0x00000000c0000000,0x00000000c0f17ca8,0x00000000eab00000)
 Metaspace       used 35048K, capacity 35272K, committed 35496K, reserved 1079296K
  class space    used 5179K, capacity 5266K, committed 5296K, reserved 1048576K
Event: 1.809 GC heap after
Heap after GC invocations=4 (full 2):
 PSYoungGen      total 305664K, used 0K [0x00000000eab00000, 0x0000000100000000, 0x0000000100000000)
  eden space 262144K, 0% used [0x00000000eab00000,0x00000000eab00000,0x00000000fab00000)
  from space 43520K, 0% used [0x00000000fd580000,0x00000000fd580000,0x0000000100000000)
  to   space 43520K, 0% used [0x00000000fab00000,0x00000000fab00000,0x00000000fd580000)
 ParOldGen       total 699392K, used 20194K [0x00000000c0000000, 0x00000000eab00000, 0x00000000eab00000)
  object space 699392K, 2% used [0x00000000c0000000,0x00000000c13b88b8,0x00000000eab00000)
 Metaspace       used 35048K, capacity 35272K, committed 35496K, reserved 1079296K
  class space    used 5179K, capacity 5266K, committed 5296K, reserved 1048576K
}
Event: 5.657 GC heap before
{Heap before GC invocations=5 (full 2):
 PSYoungGen      total 305664K, used 262144K [0x00000000eab00000, 0x0000000100000000, 0x0000000100000000)
  eden space 262144K, 100% used [0x00000000eab00000,0x00000000fab00000,0x00000000fab00000)
  from space 43520K, 0% used [0x00000000fd580000,0x00000000fd580000,0x0000000100000000)
  to   space 43520K, 0% used [0x00000000fab00000,0x00000000fab00000,0x00000000fd580000)
 ParOldGen       total 699392K, used 20194K [0x00000000c0000000, 0x00000000eab00000, 0x00000000eab00000)
  object space 699392K, 2% used [0x00000000c0000000,0x00000000c13b88b8,0x00000000eab00000)
 Metaspace       used 49273K, capacity 49576K, committed 49832K, reserved 1091584K
  class space    used 7169K, capacity 7268K, committed 7344K, reserved 1048576K
Event: 5.666 GC heap after
Heap after GC invocations=5 (full 2):
 PSYoungGen      total 305664K, used 33592K [0x00000000eab00000, 0x0000000100000000, 0x0000000100000000)
  eden space 262144K, 0% used [0x00000000eab00000,0x00000000eab00000,0x00000000fab00000)
  from space 43520K, 77% used [0x00000000fab00000,0x00000000fcbce0f0,0x00000000fd580000)
  to   space 43520K, 0% used [0x00000000fd580000,0x00000000fd580000,0x0000000100000000)
 ParOldGen       total 699392K, used 20202K [0x00000000c0000000, 0x00000000eab00000, 0x00000000eab00000)
  object space 699392K, 2% used [0x00000000c0000000,0x00000000c13ba8b8,0x00000000eab00000)
 Metaspace       used 49273K, capacity 49576K, committed 49832K, reserved 1091584K
  class space    used 7169K, capacity 7268K, committed 7344K, reserved 1048576K
}

